2025-01-09 15:16:05
POST data: Array
(
    [show_id] => 1
)

Session data: Array
(
    [user_id] => 1
    [email] => somosreedey54321@gmail.com
)

----------------------------------------
2025-01-09 15:16:05
POST data: Array
(
    [show_id] => 1
)

Session data: Array
(
    [user_id] => 1
    [email] => somosreedey54321@gmail.com
)

----------------------------------------
2025-01-09 15:28:00
POST data: Array
(
    [show_id] => 1
)

Session data: Array
(
    [user_id] => 1
    [email] => somosreedey54321@gmail.com
)

----------------------------------------
2025-01-09 15:28:00
POST data: Array
(
    [show_id] => 1
)

Session data: Array
(
    [user_id] => 1
    [email] => somosreedey54321@gmail.com
)

----------------------------------------
2025-01-09 16:01:41
POST data: Array
(
    [show_id] => 1
)

Session data: Array
(
    [user_id] => 1
    [email] => somosreedey54321@gmail.com
    [loginsuccessful] => 1
)

----------------------------------------
2025-01-09 16:01:41
POST data: Array
(
    [show_id] => 1
)

Session data: Array
(
    [user_id] => 1
    [email] => somosreedey54321@gmail.com
    [loginsuccessful] => 1
)

----------------------------------------
2025-01-09 16:01:53
POST data: Array
(
    [show_id] => 2
)

Session data: Array
(
    [user_id] => 1
    [email] => somosreedey54321@gmail.com
    [loginsuccessful] => 1
)

----------------------------------------
2025-01-09 16:01:53
POST data: Array
(
    [show_id] => 2
)

Session data: Array
(
    [user_id] => 1
    [email] => somosreedey54321@gmail.com
    [loginsuccessful] => 1
)

----------------------------------------
2025-01-09 16:01:59
POST data: Array
(
    [show_id] => 2
)

Session data: Array
(
    [user_id] => 1
    [email] => somosreedey54321@gmail.com
    [loginsuccessful] => 1
)

----------------------------------------
2025-01-09 16:01:59
POST data: Array
(
    [show_id] => 2
)

Session data: Array
(
    [user_id] => 1
    [email] => somosreedey54321@gmail.com
    [loginsuccessful] => 1
)

----------------------------------------
2025-01-09 16:02:28
POST data: Array
(
    [show_id] => 4
)

Session data: Array
(
    [user_id] => 1
    [email] => somosreedey54321@gmail.com
    [loginsuccessful] => 1
)

----------------------------------------
2025-01-09 16:02:28
POST data: Array
(
    [show_id] => 4
)

Session data: Array
(
    [user_id] => 1
    [email] => somosreedey54321@gmail.com
    [loginsuccessful] => 1
)

----------------------------------------
